# JRE version: OpenJDK Runtime Environment Temurin-21.0.5+11 (21.0.5+11) (build 21.0.5+11-LTS)
# Java VM: OpenJDK 64-Bit Server VM Temurin-21.0.5+11 (21.0.5+11-LTS, mixed mode, emulated-client, sharing, tiered, compressed oops, compressed class ptrs, g1 gc, windows-amd64)
GC Precious Log:
 CardTable entry size: 512
 Card Set container configuration: InlinePtr #cards 4 size 8 Array Of Cards #cards 16 size 48 Howl #buckets 8 coarsen threshold 3686 Howl Bitmap #cards 512 size 80 coarsen threshold 460 Card regions per heap region 1 cards per card region 4096
 CPUs: 4 total, 4 available
 Memory: 11220M
 Large Page Support: Disabled
 NUMA Support: Disabled
 Compressed Oops: Enabled (Zero based)
 Heap Region Size: 2M
 Heap Min Capacity: 8M
 Heap Initial Capacity: 176M
 Heap Max Capacity: 2806M
 Pre-touch: Disabled
 Parallel Workers: 4
 Concurrent Workers: 1
 Concurrent Refinement Workers: 4
 Periodic GC: Disabled
Heap:
 garbage-first heap   total 67584K, used 48986K [0x0000000750a00000, 0x0000000800000000)
  region size 2048K, 10 young (20480K), 1 survivors (2048K)
 Metaspace       used 72675K, committed 73472K, reserved 1114112K
  class space    used 10055K, committed 10432K, reserved 1048576K
GC Heap History (20 events):
Event: 6957.778 GC heap after
{Heap after GC invocations=40 (full 4):
 garbage-first heap   total 67584K, used 29992K [0x0000000750a00000, 0x0000000800000000)
  region size 2048K, 2 young (4096K), 2 survivors (4096K)
 Metaspace       used 71954K, committed 72640K, reserved 1114112K
  class space    used 9998K, committed 10304K, reserved 1048576K
}
Event: 7208.053 GC heap before
{Heap before GC invocations=40 (full 4):
 garbage-first heap   total 67584K, used 48424K [0x0000000750a00000, 0x0000000800000000)
  region size 2048K, 12 young (24576K), 2 survivors (4096K)
 Metaspace       used 71976K, committed 72768K, reserved 1114112K
  class space    used 10004K, committed 10368K, reserved 1048576K
}
Event: 7208.152 GC heap after
{Heap after GC invocations=41 (full 5):
 garbage-first heap   total 67584K, used 25401K [0x0000000750a00000, 0x0000000800000000)
  region size 2048K, 0 young (0K), 0 survivors (0K)
 Metaspace       used 71915K, committed 72768K, reserved 1114112K
  class space    used 9989K, committed 10368K, reserved 1048576K
}
Event: 7208.651 GC heap before
{Heap before GC invocations=41 (full 5):
 garbage-first heap   total 67584K, used 56121K [0x0000000750a00000, 0x0000000800000000)
  region size 2048K, 15 young (30720K), 0 survivors (0K)
 Metaspace       used 71964K, committed 72768K, reserved 1114112K
  class space    used 9995K, committed 10368K, reserved 1048576K
}
Event: 7208.656 GC heap after
{Heap after GC invocations=42 (full 5):
 garbage-first heap   total 67584K, used 28468K [0x0000000750a00000, 0x0000000800000000)
  region size 2048K, 2 young (4096K), 2 survivors (4096K)
 Metaspace       used 71964K, committed 72768K, reserved 1114112K
  class space    used 9995K, committed 10368K, reserved 1048576K
}
Event: 7209.002 GC heap before
{Heap before GC invocations=43 (full 5):
 garbage-first heap   total 67584K, used 53044K [0x0000000750a00000, 0x0000000800000000)
  region size 2048K, 15 young (30720K), 2 survivors (4096K)
 Metaspace       used 72105K, committed 72832K, reserved 1114112K
  class space    used 9992K, committed 10368K, reserved 1048576K
}
Event: 7209.009 GC heap after
{Heap after GC invocations=44 (full 5):
 garbage-first heap   total 67584K, used 30781K [0x0000000750a00000, 0x0000000800000000)
  region size 2048K, 2 young (4096K), 2 survivors (4096K)
 Metaspace       used 72105K, committed 72832K, reserved 1114112K
  class space    used 9992K, committed 10368K, reserved 1048576K
}
Event: 7423.644 GC heap before
{Heap before GC invocations=44 (full 5):
 garbage-first heap   total 67584K, used 45117K [0x0000000750a00000, 0x0000000800000000)
  region size 2048K, 10 young (20480K), 2 survivors (4096K)
 Metaspace       used 72108K, committed 72832K, reserved 1114112K
  class space    used 9992K, committed 10368K, reserved 1048576K
}
Event: 7423.754 GC heap after
{Heap after GC invocations=45 (full 6):
 garbage-first heap   total 67584K, used 25544K [0x0000000750a00000, 0x0000000800000000)
  region size 2048K, 0 young (0K), 0 survivors (0K)
 Metaspace       used 72105K, committed 72832K, reserved 1114112K
  class space    used 9992K, committed 10368K, reserved 1048576K
}
Event: 7424.257 GC heap before
{Heap before GC invocations=45 (full 6):
 garbage-first heap   total 67584K, used 56264K [0x0000000750a00000, 0x0000000800000000)
  region size 2048K, 15 young (30720K), 0 survivors (0K)
 Metaspace       used 72154K, committed 72896K, reserved 1114112K
  class space    used 9998K, committed 10368K, reserved 1048576K
}
Event: 7424.261 GC heap after
{Heap after GC invocations=46 (full 6):
 garbage-first heap   total 67584K, used 28452K [0x0000000750a00000, 0x0000000800000000)
  region size 2048K, 2 young (4096K), 2 survivors (4096K)
 Metaspace       used 72154K, committed 72896K, reserved 1114112K
  class space    used 9998K, committed 10368K, reserved 1048576K
}
Event: 7424.573 GC heap before
{Heap before GC invocations=47 (full 6):
 garbage-first heap   total 67584K, used 53028K [0x0000000750a00000, 0x0000000800000000)
  region size 2048K, 14 young (28672K), 2 survivors (4096K)
 Metaspace       used 72374K, committed 73088K, reserved 1114112K
  class space    used 10018K, committed 10368K, reserved 1048576K
}
Event: 7424.578 GC heap after
{Heap after GC invocations=48 (full 6):
 garbage-first heap   total 67584K, used 30795K [0x0000000750a00000, 0x0000000800000000)
  region size 2048K, 2 young (4096K), 2 survivors (4096K)
 Metaspace       used 72374K, committed 73088K, reserved 1114112K
  class space    used 10018K, committed 10368K, reserved 1048576K
}
Event: 7431.281 GC heap before
{Heap before GC invocations=48 (full 6):
 garbage-first heap   total 67584K, used 43083K [0x0000000750a00000, 0x0000000800000000)
  region size 2048K, 9 young (18432K), 2 survivors (4096K)
 Metaspace       used 72376K, committed 73088K, reserved 1114112K
  class space    used 10019K, committed 10368K, reserved 1048576K
}
Event: 7431.370 GC heap after
{Heap after GC invocations=49 (full 7):
 garbage-first heap   total 67584K, used 25738K [0x0000000750a00000, 0x0000000800000000)
  region size 2048K, 0 young (0K), 0 survivors (0K)
 Metaspace       used 72372K, committed 73088K, reserved 1114112K
  class space    used 10018K, committed 10368K, reserved 1048576K
}
Event: 7431.895 GC heap before
{Heap before GC invocations=49 (full 7):
 garbage-first heap   total 67584K, used 56458K [0x0000000750a00000, 0x0000000800000000)
  region size 2048K, 15 young (30720K), 0 survivors (0K)
 Metaspace       used 72419K, committed 73152K, reserved 1114112K
  class space    used 10023K, committed 10368K, reserved 1048576K
}
Event: 7431.901 GC heap after
{Heap after GC invocations=50 (full 7):
 garbage-first heap   total 67584K, used 28717K [0x0000000750a00000, 0x0000000800000000)
  region size 2048K, 2 young (4096K), 2 survivors (4096K)
 Metaspace       used 72419K, committed 73152K, reserved 1114112K
  class space    used 10023K, committed 10368K, reserved 1048576K
}
Event: 7432.292 GC heap before
{Heap before GC invocations=51 (full 7):
 garbage-first heap   total 67584K, used 51245K [0x0000000750a00000, 0x0000000800000000)
  region size 2048K, 14 young (28672K), 2 survivors (4096K)
 Metaspace       used 72624K, committed 73344K, reserved 1114112K
  class space    used 10038K, committed 10368K, reserved 1048576K
}
Event: 7432.297 GC heap after
{Heap after GC invocations=52 (full 7):
 garbage-first heap   total 67584K, used 30599K [0x0000000750a00000, 0x0000000800000000)
  region size 2048K, 1 young (2048K), 1 survivors (2048K)
 Metaspace       used 72624K, committed 73344K, reserved 1114112K
  class space    used 10038K, committed 10368K, reserved 1048576K
}
Event: 7671.273 GC heap before
{Heap before GC invocations=52 (full 7):
 garbage-first heap   total 67584K, used 46983K [0x0000000750a00000, 0x0000000800000000)
  region size 2048K, 10 young (20480K), 1 survivors (2048K)
 Metaspace       used 72675K, committed 73472K, reserved 1114112K
  class space    used 10055K, committed 10432K, reserved 1048576K
}

